<?xml version="1.0" encoding="UTF-8"?>
<testng-results ignored="0" total="11" passed="10" failed="1" skipped="0">
  <reporter-output>
  </reporter-output>
  <suite started-at="2024-02-22T11:58:04 IST" name="Default suite" finished-at="2024-02-22T11:59:10 IST" duration-ms="66132">
    <groups>
      <group name="cucumber">
        <method signature="AbstractTestNGCucumberTests.runScenario(io.cucumber.testng.PickleWrapper,io.cucumber.testng.FeatureWrapper)[pri:0, instance:TestRunner2.TestRunnerProject@3c9754d8]" name="runScenario" class="io.cucumber.testng.AbstractTestNGCucumberTests"/>
      </group> <!-- cucumber -->
    </groups>
    <test started-at="2024-02-22T11:58:04 IST" name="Default test" finished-at="2024-02-22T11:59:10 IST" duration-ms="66132">
      <class name="TestRunner2.TestRunnerProject">
        <test-method is-config="true" signature="setUpClass(org.testng.ITestContext)[pri:0, instance:TestRunner2.TestRunnerProject@3c9754d8]" started-at="2024-02-22T11:58:04 IST" name="setUpClass" finished-at="2024-02-22T11:58:04 IST" duration-ms="491" status="PASS">
          <params>
            <param index="0">
              <value>
                <![CDATA[org.testng.TestRunner@2a11ae0b]]>
              </value>
            </param>
          </params>
          <reporter-output>
          </reporter-output>
        </test-method> <!-- setUpClass -->
        <test-method signature="runScenario(io.cucumber.testng.PickleWrapper,io.cucumber.testng.FeatureWrapper)[pri:0, instance:TestRunner2.TestRunnerProject@3c9754d8]" started-at="2024-02-22T11:58:04 IST" name="runScenario" description="Runs Cucumber Scenarios" data-provider="scenarios" finished-at="2024-02-22T11:58:13 IST" duration-ms="9074" status="PASS">
          <params>
            <param index="0">
              <value>
                <![CDATA["Verify Make Selection"]]>
              </value>
            </param>
            <param index="1">
              <value>
                <![CDATA["Tricentis AutoMobile Page"]]>
              </value>
            </param>
          </params>
          <reporter-output>
          </reporter-output>
        </test-method> <!-- runScenario -->
        <test-method signature="runScenario(io.cucumber.testng.PickleWrapper,io.cucumber.testng.FeatureWrapper)[pri:0, instance:TestRunner2.TestRunnerProject@3c9754d8]" started-at="2024-02-22T11:58:13 IST" name="runScenario" description="Runs Cucumber Scenarios" data-provider="scenarios" finished-at="2024-02-22T11:58:20 IST" duration-ms="7187" status="PASS">
          <params>
            <param index="0">
              <value>
                <![CDATA["Verify EnginePerformance Selection"]]>
              </value>
            </param>
            <param index="1">
              <value>
                <![CDATA["Tricentis AutoMobile Page"]]>
              </value>
            </param>
          </params>
          <reporter-output>
          </reporter-output>
        </test-method> <!-- runScenario -->
        <test-method signature="runScenario(io.cucumber.testng.PickleWrapper,io.cucumber.testng.FeatureWrapper)[pri:0, instance:TestRunner2.TestRunnerProject@3c9754d8]" started-at="2024-02-22T11:58:20 IST" name="runScenario" description="Runs Cucumber Scenarios" data-provider="scenarios" finished-at="2024-02-22T11:58:26 IST" duration-ms="5922" status="PASS">
          <params>
            <param index="0">
              <value>
                <![CDATA["Verify DateOfManufacture Selection"]]>
              </value>
            </param>
            <param index="1">
              <value>
                <![CDATA["Tricentis AutoMobile Page"]]>
              </value>
            </param>
          </params>
          <reporter-output>
          </reporter-output>
        </test-method> <!-- runScenario -->
        <test-method signature="runScenario(io.cucumber.testng.PickleWrapper,io.cucumber.testng.FeatureWrapper)[pri:0, instance:TestRunner2.TestRunnerProject@3c9754d8]" started-at="2024-02-22T11:58:26 IST" name="runScenario" description="Runs Cucumber Scenarios" data-provider="scenarios" finished-at="2024-02-22T11:58:32 IST" duration-ms="5525" status="PASS">
          <params>
            <param index="0">
              <value>
                <![CDATA["Verify NumberOfSeats Selection"]]>
              </value>
            </param>
            <param index="1">
              <value>
                <![CDATA["Tricentis AutoMobile Page"]]>
              </value>
            </param>
          </params>
          <reporter-output>
          </reporter-output>
        </test-method> <!-- runScenario -->
        <test-method signature="runScenario(io.cucumber.testng.PickleWrapper,io.cucumber.testng.FeatureWrapper)[pri:0, instance:TestRunner2.TestRunnerProject@3c9754d8]" started-at="2024-02-22T11:58:32 IST" name="runScenario" description="Runs Cucumber Scenarios" data-provider="scenarios" finished-at="2024-02-22T11:58:37 IST" duration-ms="4902" status="PASS">
          <params>
            <param index="0">
              <value>
                <![CDATA["Verify fueltype Selection"]]>
              </value>
            </param>
            <param index="1">
              <value>
                <![CDATA["Tricentis AutoMobile Page"]]>
              </value>
            </param>
          </params>
          <reporter-output>
          </reporter-output>
        </test-method> <!-- runScenario -->
        <test-method signature="runScenario(io.cucumber.testng.PickleWrapper,io.cucumber.testng.FeatureWrapper)[pri:0, instance:TestRunner2.TestRunnerProject@3c9754d8]" started-at="2024-02-22T11:58:37 IST" name="runScenario" description="Runs Cucumber Scenarios" data-provider="scenarios" finished-at="2024-02-22T11:58:44 IST" duration-ms="6824" status="PASS">
          <params>
            <param index="0">
              <value>
                <![CDATA["Verify listprice Selection"]]>
              </value>
            </param>
            <param index="1">
              <value>
                <![CDATA["Tricentis AutoMobile Page"]]>
              </value>
            </param>
          </params>
          <reporter-output>
          </reporter-output>
        </test-method> <!-- runScenario -->
        <test-method signature="runScenario(io.cucumber.testng.PickleWrapper,io.cucumber.testng.FeatureWrapper)[pri:0, instance:TestRunner2.TestRunnerProject@3c9754d8]" started-at="2024-02-22T11:58:44 IST" name="runScenario" description="Runs Cucumber Scenarios" data-provider="scenarios" finished-at="2024-02-22T11:58:49 IST" duration-ms="5498" status="PASS">
          <params>
            <param index="0">
              <value>
                <![CDATA["Verify licenseplateNumber Selection"]]>
              </value>
            </param>
            <param index="1">
              <value>
                <![CDATA["Tricentis AutoMobile Page"]]>
              </value>
            </param>
          </params>
          <reporter-output>
          </reporter-output>
        </test-method> <!-- runScenario -->
        <test-method signature="runScenario(io.cucumber.testng.PickleWrapper,io.cucumber.testng.FeatureWrapper)[pri:0, instance:TestRunner2.TestRunnerProject@3c9754d8]" started-at="2024-02-22T11:58:49 IST" name="runScenario" description="Runs Cucumber Scenarios" data-provider="scenarios" finished-at="2024-02-22T11:58:57 IST" duration-ms="7415" status="PASS">
          <params>
            <param index="0">
              <value>
                <![CDATA["Verify annualmileage Selection"]]>
              </value>
            </param>
            <param index="1">
              <value>
                <![CDATA["Tricentis AutoMobile Page"]]>
              </value>
            </param>
          </params>
          <reporter-output>
          </reporter-output>
        </test-method> <!-- runScenario -->
        <test-method signature="runScenario(io.cucumber.testng.PickleWrapper,io.cucumber.testng.FeatureWrapper)[pri:0, instance:TestRunner2.TestRunnerProject@3c9754d8]" started-at="2024-02-22T11:58:57 IST" name="runScenario" description="Runs Cucumber Scenarios" data-provider="scenarios" finished-at="2024-02-22T11:59:02 IST" duration-ms="5092" status="PASS">
          <params>
            <param index="0">
              <value>
                <![CDATA["Verify Mandatory Sign"]]>
              </value>
            </param>
            <param index="1">
              <value>
                <![CDATA["Tricentis AutoMobile Page"]]>
              </value>
            </param>
          </params>
          <reporter-output>
          </reporter-output>
        </test-method> <!-- runScenario -->
        <test-method signature="runScenario(io.cucumber.testng.PickleWrapper,io.cucumber.testng.FeatureWrapper)[pri:0, instance:TestRunner2.TestRunnerProject@3c9754d8]" started-at="2024-02-22T11:59:02 IST" name="runScenario" description="Runs Cucumber Scenarios" data-provider="scenarios" finished-at="2024-02-22T11:59:06 IST" duration-ms="3881" status="FAIL">
          <params>
            <param index="0">
              <value>
                <![CDATA["Verify Hoverover"]]>
              </value>
            </param>
            <param index="1">
              <value>
                <![CDATA["Tricentis AutoMobile Page"]]>
              </value>
            </param>
          </params>
          <exception class="java.lang.AssertionError">
            <message>
              <![CDATA[did not expect [Hover text is empty] but found [Hover text is empty]]]>
            </message>
            <full-stacktrace>
              <![CDATA[java.lang.AssertionError: did not expect [Hover text is empty] but found [Hover text is empty]
at org.testng.Assert.fail(Assert.java:111)
at org.testng.Assert.failEquals(Assert.java:1582)
at org.testng.Assert.assertNotEqualsImpl(Assert.java:157)
at org.testng.Assert.assertNotEquals(Assert.java:2201)
at org.testng.Assert.assertNotEquals(Assert.java:2223)
at testcases.AutomobileVehiclePage_StepDef.user_hovers_over_the_star_sign(AutomobileVehiclePage_StepDef.java:246)
at âœ½.user hovers over the star sign(file:///C:/Users/mouni/eclipse-workspace/tricentis_project/src/test/resources/Features2/data.feature:45)
]]>
            </full-stacktrace>
          </exception> <!-- java.lang.AssertionError -->
          <reporter-output>
          </reporter-output>
        </test-method> <!-- runScenario -->
        <test-method signature="runScenario(io.cucumber.testng.PickleWrapper,io.cucumber.testng.FeatureWrapper)[pri:0, instance:TestRunner2.TestRunnerProject@3c9754d8]" started-at="2024-02-22T11:59:06 IST" name="runScenario" description="Runs Cucumber Scenarios" data-provider="scenarios" finished-at="2024-02-22T11:59:10 IST" duration-ms="4175" status="PASS">
          <params>
            <param index="0">
              <value>
                <![CDATA["Verify Next Button Functionality"]]>
              </value>
            </param>
            <param index="1">
              <value>
                <![CDATA["Tricentis AutoMobile Page"]]>
              </value>
            </param>
          </params>
          <reporter-output>
          </reporter-output>
        </test-method> <!-- runScenario -->
        <test-method is-config="true" signature="tearDownClass()[pri:0, instance:TestRunner2.TestRunnerProject@3c9754d8]" started-at="2024-02-22T11:59:10 IST" name="tearDownClass" finished-at="2024-02-22T11:59:10 IST" duration-ms="43" status="PASS">
          <reporter-output>
          </reporter-output>
        </test-method> <!-- tearDownClass -->
      </class> <!-- TestRunner2.TestRunnerProject -->
    </test> <!-- Default test -->
  </suite> <!-- Default suite -->
</testng-results>
